[12-Jan-2024 15:30:47 UTC] PHP Warning:  Undefined array key "WORDPRESS_DB_NAME" in C:\Users\MegaX\Local Sites\medit\app\public\wp-config.php on line 19
[12-Jan-2024 15:30:47 UTC] PHP Warning:  Undefined array key "WORDPRESS_DB_USER" in C:\Users\MegaX\Local Sites\medit\app\public\wp-config.php on line 22
[12-Jan-2024 15:30:47 UTC] PHP Warning:  Undefined array key "WORDPRESS_DB_PASSWORD" in C:\Users\MegaX\Local Sites\medit\app\public\wp-config.php on line 25
[12-Jan-2024 15:30:47 UTC] PHP Warning:  Undefined array key "WORDPRESS_DB_HOST" in C:\Users\MegaX\Local Sites\medit\app\public\wp-config.php on line 28
[12-Jan-2024 15:30:47 UTC] PHP Warning:  Undefined array key "WORDPRESS_DB_PASSWORD" in C:\Users\MegaX\Local Sites\medit\app\public\wp-config.php on line 39
[12-Jan-2024 15:30:47 UTC] PHP Warning:  Undefined array key "WORDPRESS_DB_PASSWORD" in C:\Users\MegaX\Local Sites\medit\app\public\wp-config.php on line 39
[12-Jan-2024 15:30:47 UTC] PHP Warning:  Undefined array key "WORDPRESS_DB_NAME" in C:\Users\MegaX\Local Sites\medit\app\public\wp-config.php on line 19
[12-Jan-2024 15:30:47 UTC] PHP Warning:  Undefined array key "WORDPRESS_DB_USER" in C:\Users\MegaX\Local Sites\medit\app\public\wp-config.php on line 22
[12-Jan-2024 15:30:47 UTC] PHP Warning:  Undefined array key "WORDPRESS_DB_PASSWORD" in C:\Users\MegaX\Local Sites\medit\app\public\wp-config.php on line 25
[12-Jan-2024 15:30:47 UTC] PHP Warning:  Undefined array key "WORDPRESS_DB_HOST" in C:\Users\MegaX\Local Sites\medit\app\public\wp-config.php on line 28
[12-Jan-2024 15:30:47 UTC] PHP Warning:  Undefined array key "WORDPRESS_DB_PASSWORD" in C:\Users\MegaX\Local Sites\medit\app\public\wp-config.php on line 39
[12-Jan-2024 15:30:47 UTC] PHP Warning:  Undefined array key "WORDPRESS_DB_PASSWORD" in C:\Users\MegaX\Local Sites\medit\app\public\wp-config.php on line 39
[12-Jan-2024 15:36:19 UTC] PHP Warning:  Undefined array key "WORDPRESS_DB_NAME" in C:\Users\MegaX\Local Sites\medit\app\public\wp-config.php on line 19
[12-Jan-2024 15:36:19 UTC] PHP Warning:  Undefined array key "WORDPRESS_DB_USER" in C:\Users\MegaX\Local Sites\medit\app\public\wp-config.php on line 22
[12-Jan-2024 15:36:19 UTC] PHP Warning:  Undefined array key "WORDPRESS_DB_PASSWORD" in C:\Users\MegaX\Local Sites\medit\app\public\wp-config.php on line 25
[12-Jan-2024 15:36:19 UTC] PHP Warning:  Undefined array key "WORDPRESS_DB_HOST" in C:\Users\MegaX\Local Sites\medit\app\public\wp-config.php on line 28
[12-Jan-2024 15:36:19 UTC] PHP Warning:  Undefined array key "WORDPRESS_DB_PASSWORD" in C:\Users\MegaX\Local Sites\medit\app\public\wp-config.php on line 39
[12-Jan-2024 15:36:19 UTC] PHP Warning:  Undefined array key "WORDPRESS_DB_PASSWORD" in C:\Users\MegaX\Local Sites\medit\app\public\wp-config.php on line 39
[12-Jan-2024 15:36:19 UTC] PHP Warning:  Undefined array key "WORDPRESS_DB_NAME" in C:\Users\MegaX\Local Sites\medit\app\public\wp-config.php on line 19
[12-Jan-2024 15:36:19 UTC] PHP Warning:  Undefined array key "WORDPRESS_DB_USER" in C:\Users\MegaX\Local Sites\medit\app\public\wp-config.php on line 22
[12-Jan-2024 15:36:19 UTC] PHP Warning:  Undefined array key "WORDPRESS_DB_PASSWORD" in C:\Users\MegaX\Local Sites\medit\app\public\wp-config.php on line 25
[12-Jan-2024 15:36:19 UTC] PHP Warning:  Undefined array key "WORDPRESS_DB_HOST" in C:\Users\MegaX\Local Sites\medit\app\public\wp-config.php on line 28
[12-Jan-2024 15:36:19 UTC] PHP Warning:  Undefined array key "WORDPRESS_DB_PASSWORD" in C:\Users\MegaX\Local Sites\medit\app\public\wp-config.php on line 39
[12-Jan-2024 15:36:19 UTC] PHP Warning:  Undefined array key "WORDPRESS_DB_PASSWORD" in C:\Users\MegaX\Local Sites\medit\app\public\wp-config.php on line 39
[12-Jan-2024 15:38:03 UTC] PHP Warning:  Undefined array key "WORDPRESS_DB_NAME" in C:\Users\MegaX\Local Sites\medit\app\public\wp-config.php on line 19
[12-Jan-2024 15:38:03 UTC] PHP Warning:  Undefined array key "WORDPRESS_DB_USER" in C:\Users\MegaX\Local Sites\medit\app\public\wp-config.php on line 22
[12-Jan-2024 15:38:03 UTC] PHP Warning:  Undefined array key "WORDPRESS_DB_PASSWORD" in C:\Users\MegaX\Local Sites\medit\app\public\wp-config.php on line 25
[12-Jan-2024 15:38:03 UTC] PHP Warning:  Undefined array key "WORDPRESS_DB_HOST" in C:\Users\MegaX\Local Sites\medit\app\public\wp-config.php on line 28
[12-Jan-2024 15:38:03 UTC] PHP Warning:  Undefined array key "WORDPRESS_DB_PASSWORD" in C:\Users\MegaX\Local Sites\medit\app\public\wp-config.php on line 39
[12-Jan-2024 15:38:03 UTC] PHP Warning:  Undefined array key "WORDPRESS_DB_PASSWORD" in C:\Users\MegaX\Local Sites\medit\app\public\wp-config.php on line 39
[12-Jan-2024 15:41:18 UTC] PHP Warning:  Undefined array key "WORDPRESS_DB_NAME" in C:\Users\MegaX\Local Sites\medit\app\public\wp-config.php on line 19
[12-Jan-2024 15:41:18 UTC] PHP Warning:  Undefined array key "WORDPRESS_DB_USER" in C:\Users\MegaX\Local Sites\medit\app\public\wp-config.php on line 22
[12-Jan-2024 15:41:18 UTC] PHP Warning:  Undefined array key "WORDPRESS_DB_PASSWORD" in C:\Users\MegaX\Local Sites\medit\app\public\wp-config.php on line 25
[12-Jan-2024 15:41:18 UTC] PHP Warning:  Undefined array key "WORDPRESS_DB_HOST" in C:\Users\MegaX\Local Sites\medit\app\public\wp-config.php on line 28
[12-Jan-2024 15:41:18 UTC] PHP Warning:  Undefined array key "WORDPRESS_DB_PASSWORD" in C:\Users\MegaX\Local Sites\medit\app\public\wp-config.php on line 39
[12-Jan-2024 15:41:18 UTC] PHP Warning:  Undefined array key "WORDPRESS_DB_PASSWORD" in C:\Users\MegaX\Local Sites\medit\app\public\wp-config.php on line 39
[12-Jan-2024 17:00:49 UTC] PHP Warning:  Undefined array key "local" in C:\Users\MegaX\Local Sites\medit\app\public\wp-config.php on line 19
[12-Jan-2024 17:00:49 UTC] PHP Warning:  Undefined array key "root" in C:\Users\MegaX\Local Sites\medit\app\public\wp-config.php on line 22
[12-Jan-2024 17:00:49 UTC] PHP Warning:  Undefined array key "root" in C:\Users\MegaX\Local Sites\medit\app\public\wp-config.php on line 25
[12-Jan-2024 17:00:49 UTC] PHP Warning:  Undefined array key "localhost" in C:\Users\MegaX\Local Sites\medit\app\public\wp-config.php on line 28
[12-Jan-2024 17:00:49 UTC] PHP Warning:  Undefined array key "WORDPRESS_DB_PASSWORD" in C:\Users\MegaX\Local Sites\medit\app\public\wp-config.php on line 39
[12-Jan-2024 17:00:49 UTC] PHP Warning:  Undefined array key "WORDPRESS_DB_PASSWORD" in C:\Users\MegaX\Local Sites\medit\app\public\wp-config.php on line 39
[12-Jan-2024 17:01:17 UTC] PHP Warning:  Undefined array key "local" in C:\Users\MegaX\Local Sites\medit\app\public\wp-config.php on line 19
[12-Jan-2024 17:01:17 UTC] PHP Warning:  Undefined array key "root" in C:\Users\MegaX\Local Sites\medit\app\public\wp-config.php on line 22
[12-Jan-2024 17:01:17 UTC] PHP Warning:  Undefined array key "root" in C:\Users\MegaX\Local Sites\medit\app\public\wp-config.php on line 25
[12-Jan-2024 17:01:17 UTC] PHP Warning:  Undefined array key "localhost" in C:\Users\MegaX\Local Sites\medit\app\public\wp-config.php on line 28
[12-Jan-2024 17:01:17 UTC] PHP Warning:  Undefined array key "WORDPRESS_DB_PASSWORD" in C:\Users\MegaX\Local Sites\medit\app\public\wp-config.php on line 39
[12-Jan-2024 17:01:17 UTC] PHP Warning:  Undefined array key "WORDPRESS_DB_PASSWORD" in C:\Users\MegaX\Local Sites\medit\app\public\wp-config.php on line 39
[12-Jan-2024 18:22:50 UTC] PHP Warning:  Undefined array key "WORDPRESS_DB_PASSWORD" in C:\Users\MegaX\Local Sites\medit\app\public\wp-config.php on line 40
[12-Jan-2024 18:22:50 UTC] PHP Warning:  Undefined array key "WORDPRESS_DB_PASSWORD" in C:\Users\MegaX\Local Sites\medit\app\public\wp-config.php on line 40
[12-Jan-2024 18:22:55 UTC] PHP Warning:  Undefined array key "WORDPRESS_DB_PASSWORD" in C:\Users\MegaX\Local Sites\medit\app\public\wp-config.php on line 40
[12-Jan-2024 18:22:55 UTC] PHP Warning:  Undefined array key "WORDPRESS_DB_PASSWORD" in C:\Users\MegaX\Local Sites\medit\app\public\wp-config.php on line 40
[12-Jan-2024 18:23:50 UTC] PHP Warning:  Undefined array key "local" in C:\Users\MegaX\Local Sites\medit\app\public\wp-config.php on line 19
[12-Jan-2024 18:23:50 UTC] PHP Warning:  Undefined array key "root" in C:\Users\MegaX\Local Sites\medit\app\public\wp-config.php on line 22
[12-Jan-2024 18:23:50 UTC] PHP Warning:  Undefined array key "root" in C:\Users\MegaX\Local Sites\medit\app\public\wp-config.php on line 25
[12-Jan-2024 18:23:50 UTC] PHP Warning:  Undefined array key "localhost" in C:\Users\MegaX\Local Sites\medit\app\public\wp-config.php on line 28
[12-Jan-2024 18:23:50 UTC] PHP Warning:  Undefined array key "WORDPRESS_DB_PASSWORD" in C:\Users\MegaX\Local Sites\medit\app\public\wp-config.php on line 39
[12-Jan-2024 18:23:50 UTC] PHP Warning:  Undefined array key "WORDPRESS_DB_PASSWORD" in C:\Users\MegaX\Local Sites\medit\app\public\wp-config.php on line 39
[12-Jan-2024 18:24:15 UTC] PHP Warning:  Undefined array key "local" in C:\Users\MegaX\Local Sites\medit\app\public\wp-config.php on line 19
[12-Jan-2024 18:24:15 UTC] PHP Warning:  Undefined array key "root" in C:\Users\MegaX\Local Sites\medit\app\public\wp-config.php on line 22
[12-Jan-2024 18:24:15 UTC] PHP Warning:  Undefined array key "root" in C:\Users\MegaX\Local Sites\medit\app\public\wp-config.php on line 25
[12-Jan-2024 18:24:15 UTC] PHP Warning:  Undefined array key "localhost" in C:\Users\MegaX\Local Sites\medit\app\public\wp-config.php on line 28
[12-Jan-2024 18:24:15 UTC] PHP Warning:  Undefined array key "WORDPRESS_DB_PASSWORD" in C:\Users\MegaX\Local Sites\medit\app\public\wp-config.php on line 39
[12-Jan-2024 18:24:15 UTC] PHP Warning:  Undefined array key "WORDPRESS_DB_PASSWORD" in C:\Users\MegaX\Local Sites\medit\app\public\wp-config.php on line 39
[12-Jan-2024 18:29:05 UTC] PHP Warning:  Undefined array key "local" in C:\Users\MegaX\Local Sites\medit\app\public\wp-config.php on line 19
[12-Jan-2024 18:29:05 UTC] PHP Warning:  Undefined array key "root" in C:\Users\MegaX\Local Sites\medit\app\public\wp-config.php on line 22
[12-Jan-2024 18:29:05 UTC] PHP Warning:  Undefined array key "root" in C:\Users\MegaX\Local Sites\medit\app\public\wp-config.php on line 25
[12-Jan-2024 18:29:05 UTC] PHP Warning:  Undefined array key "localhost" in C:\Users\MegaX\Local Sites\medit\app\public\wp-config.php on line 28
[12-Jan-2024 18:29:05 UTC] PHP Warning:  Undefined array key "WORDPRESS_DB_PASSWORD" in C:\Users\MegaX\Local Sites\medit\app\public\wp-config.php on line 39
[12-Jan-2024 18:29:05 UTC] PHP Warning:  Undefined array key "WORDPRESS_DB_PASSWORD" in C:\Users\MegaX\Local Sites\medit\app\public\wp-config.php on line 39
[12-Jan-2024 18:29:25 UTC] PHP Warning:  Undefined array key "local" in C:\Users\MegaX\Local Sites\medit\app\public\wp-config.php on line 19
[12-Jan-2024 18:29:25 UTC] PHP Warning:  Undefined array key "root" in C:\Users\MegaX\Local Sites\medit\app\public\wp-config.php on line 22
[12-Jan-2024 18:29:25 UTC] PHP Warning:  Undefined array key "root" in C:\Users\MegaX\Local Sites\medit\app\public\wp-config.php on line 25
[12-Jan-2024 18:29:25 UTC] PHP Warning:  Undefined array key "localhost" in C:\Users\MegaX\Local Sites\medit\app\public\wp-config.php on line 28
[12-Jan-2024 18:29:25 UTC] PHP Warning:  Undefined array key "WORDPRESS_DB_PASSWORD" in C:\Users\MegaX\Local Sites\medit\app\public\wp-config.php on line 42
[12-Jan-2024 18:29:25 UTC] PHP Warning:  Undefined array key "WORDPRESS_DB_PASSWORD" in C:\Users\MegaX\Local Sites\medit\app\public\wp-config.php on line 42
[12-Jan-2024 18:30:05 UTC] PHP Warning:  Undefined array key "local" in C:\Users\MegaX\Local Sites\medit\app\public\wp-config.php on line 19
[12-Jan-2024 18:30:05 UTC] PHP Warning:  Undefined array key "root" in C:\Users\MegaX\Local Sites\medit\app\public\wp-config.php on line 22
[12-Jan-2024 18:30:05 UTC] PHP Warning:  Undefined array key "root" in C:\Users\MegaX\Local Sites\medit\app\public\wp-config.php on line 25
[12-Jan-2024 18:30:05 UTC] PHP Warning:  Undefined array key "localhost" in C:\Users\MegaX\Local Sites\medit\app\public\wp-config.php on line 28
[12-Jan-2024 18:30:05 UTC] PHP Warning:  Undefined array key "WORDPRESS_DB_PASSWORD" in C:\Users\MegaX\Local Sites\medit\app\public\wp-config.php on line 42
[12-Jan-2024 18:30:05 UTC] PHP Warning:  Undefined array key "WORDPRESS_DB_PASSWORD" in C:\Users\MegaX\Local Sites\medit\app\public\wp-config.php on line 42
[12-Jan-2024 18:30:25 UTC] PHP Warning:  Undefined array key "local" in C:\Users\MegaX\Local Sites\medit\app\public\wp-config.php on line 19
[12-Jan-2024 18:30:25 UTC] PHP Warning:  Undefined array key "root" in C:\Users\MegaX\Local Sites\medit\app\public\wp-config.php on line 22
[12-Jan-2024 18:30:25 UTC] PHP Warning:  Undefined array key "root" in C:\Users\MegaX\Local Sites\medit\app\public\wp-config.php on line 25
[12-Jan-2024 18:30:25 UTC] PHP Warning:  Undefined array key "localhost" in C:\Users\MegaX\Local Sites\medit\app\public\wp-config.php on line 28
[12-Jan-2024 18:30:25 UTC] PHP Warning:  Undefined array key "WORDPRESS_DB_PASSWORD" in C:\Users\MegaX\Local Sites\medit\app\public\wp-config.php on line 39
[12-Jan-2024 18:30:25 UTC] PHP Warning:  Undefined array key "WORDPRESS_DB_PASSWORD" in C:\Users\MegaX\Local Sites\medit\app\public\wp-config.php on line 39
[12-Jan-2024 18:31:05 UTC] PHP Warning:  Undefined array key "local" in C:\Users\MegaX\Local Sites\medit\app\public\wp-config.php on line 19
[12-Jan-2024 18:31:05 UTC] PHP Warning:  Undefined array key "root" in C:\Users\MegaX\Local Sites\medit\app\public\wp-config.php on line 22
[12-Jan-2024 18:31:05 UTC] PHP Warning:  Undefined array key "root" in C:\Users\MegaX\Local Sites\medit\app\public\wp-config.php on line 25
[12-Jan-2024 18:31:05 UTC] PHP Warning:  Undefined array key "localhost" in C:\Users\MegaX\Local Sites\medit\app\public\wp-config.php on line 28
[12-Jan-2024 18:31:05 UTC] PHP Warning:  Undefined array key "WORDPRESS_DB_PASSWORD" in C:\Users\MegaX\Local Sites\medit\app\public\wp-config.php on line 39
[12-Jan-2024 18:31:05 UTC] PHP Warning:  Undefined array key "WORDPRESS_DB_PASSWORD" in C:\Users\MegaX\Local Sites\medit\app\public\wp-config.php on line 39
[12-Jan-2024 18:31:25 UTC] PHP Warning:  Undefined array key "local" in C:\Users\MegaX\Local Sites\medit\app\public\wp-config.php on line 19
[12-Jan-2024 18:31:25 UTC] PHP Warning:  Undefined array key "root" in C:\Users\MegaX\Local Sites\medit\app\public\wp-config.php on line 22
[12-Jan-2024 18:31:25 UTC] PHP Warning:  Undefined array key "root" in C:\Users\MegaX\Local Sites\medit\app\public\wp-config.php on line 25
[12-Jan-2024 18:31:25 UTC] PHP Warning:  Undefined array key "localhost" in C:\Users\MegaX\Local Sites\medit\app\public\wp-config.php on line 28
[12-Jan-2024 18:31:25 UTC] PHP Warning:  Undefined array key "WORDPRESS_DB_PASSWORD" in C:\Users\MegaX\Local Sites\medit\app\public\wp-config.php on line 39
[12-Jan-2024 18:31:25 UTC] PHP Warning:  Undefined array key "WORDPRESS_DB_PASSWORD" in C:\Users\MegaX\Local Sites\medit\app\public\wp-config.php on line 39
[12-Jan-2024 18:32:05 UTC] PHP Warning:  Undefined array key "local" in C:\Users\MegaX\Local Sites\medit\app\public\wp-config.php on line 19
[12-Jan-2024 18:32:05 UTC] PHP Warning:  Undefined array key "root" in C:\Users\MegaX\Local Sites\medit\app\public\wp-config.php on line 22
[12-Jan-2024 18:32:05 UTC] PHP Warning:  Undefined array key "root" in C:\Users\MegaX\Local Sites\medit\app\public\wp-config.php on line 25
[12-Jan-2024 18:32:05 UTC] PHP Warning:  Undefined array key "localhost" in C:\Users\MegaX\Local Sites\medit\app\public\wp-config.php on line 28
[12-Jan-2024 18:32:05 UTC] PHP Warning:  Undefined array key "WORDPRESS_DB_PASSWORD" in C:\Users\MegaX\Local Sites\medit\app\public\wp-config.php on line 39
[12-Jan-2024 18:32:05 UTC] PHP Warning:  Undefined array key "WORDPRESS_DB_PASSWORD" in C:\Users\MegaX\Local Sites\medit\app\public\wp-config.php on line 39
[12-Jan-2024 18:32:25 UTC] PHP Warning:  Undefined array key "local" in C:\Users\MegaX\Local Sites\medit\app\public\wp-config.php on line 19
[12-Jan-2024 18:32:25 UTC] PHP Warning:  Undefined array key "root" in C:\Users\MegaX\Local Sites\medit\app\public\wp-config.php on line 22
[12-Jan-2024 18:32:25 UTC] PHP Warning:  Undefined array key "root" in C:\Users\MegaX\Local Sites\medit\app\public\wp-config.php on line 25
[12-Jan-2024 18:32:25 UTC] PHP Warning:  Undefined array key "localhost" in C:\Users\MegaX\Local Sites\medit\app\public\wp-config.php on line 28
[12-Jan-2024 18:32:25 UTC] PHP Warning:  Undefined array key "WORDPRESS_DB_PASSWORD" in C:\Users\MegaX\Local Sites\medit\app\public\wp-config.php on line 39
[12-Jan-2024 18:32:25 UTC] PHP Warning:  Undefined array key "WORDPRESS_DB_PASSWORD" in C:\Users\MegaX\Local Sites\medit\app\public\wp-config.php on line 39
[12-Jan-2024 18:33:05 UTC] PHP Warning:  Undefined array key "local" in C:\Users\MegaX\Local Sites\medit\app\public\wp-config.php on line 19
[12-Jan-2024 18:33:05 UTC] PHP Warning:  Undefined array key "root" in C:\Users\MegaX\Local Sites\medit\app\public\wp-config.php on line 22
[12-Jan-2024 18:33:05 UTC] PHP Warning:  Undefined array key "root" in C:\Users\MegaX\Local Sites\medit\app\public\wp-config.php on line 25
[12-Jan-2024 18:33:05 UTC] PHP Warning:  Undefined array key "localhost" in C:\Users\MegaX\Local Sites\medit\app\public\wp-config.php on line 28
[12-Jan-2024 18:33:05 UTC] PHP Warning:  Undefined array key "WORDPRESS_DB_PASSWORD" in C:\Users\MegaX\Local Sites\medit\app\public\wp-config.php on line 39
[12-Jan-2024 18:33:05 UTC] PHP Warning:  Undefined array key "WORDPRESS_DB_PASSWORD" in C:\Users\MegaX\Local Sites\medit\app\public\wp-config.php on line 39
[12-Jan-2024 18:33:55 UTC] PHP Warning:  Undefined array key "local" in C:\Users\MegaX\Local Sites\medit\app\public\wp-config.php on line 19
[12-Jan-2024 18:33:55 UTC] PHP Warning:  Undefined array key "root" in C:\Users\MegaX\Local Sites\medit\app\public\wp-config.php on line 22
[12-Jan-2024 18:33:55 UTC] PHP Warning:  Undefined array key "" in C:\Users\MegaX\Local Sites\medit\app\public\wp-config.php on line 25
[12-Jan-2024 18:33:55 UTC] PHP Warning:  Undefined array key "localhost" in C:\Users\MegaX\Local Sites\medit\app\public\wp-config.php on line 28
[12-Jan-2024 18:33:55 UTC] PHP Warning:  Undefined array key "WORDPRESS_DB_PASSWORD" in C:\Users\MegaX\Local Sites\medit\app\public\wp-config.php on line 39
[12-Jan-2024 18:33:55 UTC] PHP Warning:  Undefined array key "WORDPRESS_DB_PASSWORD" in C:\Users\MegaX\Local Sites\medit\app\public\wp-config.php on line 39
[12-Jan-2024 18:55:08 UTC] PHP Warning:  Undefined array key "local" in C:\Users\MegaX\Local Sites\medit\app\public\wp-config.php on line 19
[12-Jan-2024 18:55:08 UTC] PHP Warning:  Undefined array key "root" in C:\Users\MegaX\Local Sites\medit\app\public\wp-config.php on line 22
[12-Jan-2024 18:55:08 UTC] PHP Warning:  Undefined array key "root" in C:\Users\MegaX\Local Sites\medit\app\public\wp-config.php on line 25
[12-Jan-2024 18:55:08 UTC] PHP Warning:  Undefined array key "localhost" in C:\Users\MegaX\Local Sites\medit\app\public\wp-config.php on line 28
[12-Jan-2024 18:55:08 UTC] PHP Warning:  Undefined array key "WORDPRESS_DB_PASSWORD" in C:\Users\MegaX\Local Sites\medit\app\public\wp-config.php on line 39
[12-Jan-2024 18:55:08 UTC] PHP Warning:  Undefined array key "WORDPRESS_DB_PASSWORD" in C:\Users\MegaX\Local Sites\medit\app\public\wp-config.php on line 39
[12-Jan-2024 18:55:57 UTC] PHP Warning:  Undefined array key "local" in C:\Users\MegaX\Local Sites\medit\app\public\wp-config.php on line 19
[12-Jan-2024 18:55:57 UTC] PHP Warning:  Undefined array key "root" in C:\Users\MegaX\Local Sites\medit\app\public\wp-config.php on line 22
[12-Jan-2024 18:55:57 UTC] PHP Warning:  Undefined array key "root" in C:\Users\MegaX\Local Sites\medit\app\public\wp-config.php on line 25
[12-Jan-2024 18:55:57 UTC] PHP Warning:  Undefined array key "localhost" in C:\Users\MegaX\Local Sites\medit\app\public\wp-config.php on line 28
[12-Jan-2024 18:55:57 UTC] PHP Warning:  Undefined array key "WORDPRESS_DB_PASSWORD" in C:\Users\MegaX\Local Sites\medit\app\public\wp-config.php on line 39
[12-Jan-2024 18:55:57 UTC] PHP Warning:  Undefined array key "WORDPRESS_DB_PASSWORD" in C:\Users\MegaX\Local Sites\medit\app\public\wp-config.php on line 39
[12-Jan-2024 18:56:09 UTC] PHP Warning:  Undefined array key "local" in C:\Users\MegaX\Local Sites\medit\app\public\wp-config.php on line 19
[12-Jan-2024 18:56:09 UTC] PHP Warning:  Undefined array key "root" in C:\Users\MegaX\Local Sites\medit\app\public\wp-config.php on line 22
[12-Jan-2024 18:56:09 UTC] PHP Warning:  Undefined array key "root" in C:\Users\MegaX\Local Sites\medit\app\public\wp-config.php on line 25
[12-Jan-2024 18:56:09 UTC] PHP Warning:  Undefined array key "localhost" in C:\Users\MegaX\Local Sites\medit\app\public\wp-config.php on line 28
[12-Jan-2024 18:56:09 UTC] PHP Warning:  Undefined array key "WORDPRESS_DB_PASSWORD" in C:\Users\MegaX\Local Sites\medit\app\public\wp-config.php on line 39
[12-Jan-2024 18:56:09 UTC] PHP Warning:  Undefined array key "WORDPRESS_DB_PASSWORD" in C:\Users\MegaX\Local Sites\medit\app\public\wp-config.php on line 39
[12-Jan-2024 18:56:57 UTC] PHP Warning:  Undefined array key "local" in C:\Users\MegaX\Local Sites\medit\app\public\wp-config.php on line 19
[12-Jan-2024 18:56:57 UTC] PHP Warning:  Undefined array key "root" in C:\Users\MegaX\Local Sites\medit\app\public\wp-config.php on line 22
[12-Jan-2024 18:56:57 UTC] PHP Warning:  Undefined array key "root" in C:\Users\MegaX\Local Sites\medit\app\public\wp-config.php on line 25
[12-Jan-2024 18:56:57 UTC] PHP Warning:  Undefined array key "localhost" in C:\Users\MegaX\Local Sites\medit\app\public\wp-config.php on line 28
[12-Jan-2024 18:56:57 UTC] PHP Warning:  Undefined array key "WORDPRESS_DB_PASSWORD" in C:\Users\MegaX\Local Sites\medit\app\public\wp-config.php on line 39
[12-Jan-2024 18:56:57 UTC] PHP Warning:  Undefined array key "WORDPRESS_DB_PASSWORD" in C:\Users\MegaX\Local Sites\medit\app\public\wp-config.php on line 39
[12-Jan-2024 18:57:31 UTC] PHP Warning:  Undefined array key "WORDPRESS_DB_PASSWORD" in C:\Users\MegaX\Local Sites\medit\app\public\wp-config.php on line 33
[12-Jan-2024 18:57:31 UTC] PHP Warning:  Undefined array key "WORDPRESS_DB_PASSWORD" in C:\Users\MegaX\Local Sites\medit\app\public\wp-config.php on line 33
[12-Jan-2024 18:57:57 UTC] PHP Warning:  Undefined array key "WORDPRESS_DB_PASSWORD" in C:\Users\MegaX\Local Sites\medit\app\public\wp-config.php on line 33
[12-Jan-2024 18:57:57 UTC] PHP Warning:  Undefined array key "WORDPRESS_DB_PASSWORD" in C:\Users\MegaX\Local Sites\medit\app\public\wp-config.php on line 33
[12-Jan-2024 18:57:57 UTC] PHP Warning:  Undefined array key "WORDPRESS_DB_PASSWORD" in C:\Users\MegaX\Local Sites\medit\app\public\wp-config.php on line 33
[12-Jan-2024 18:57:57 UTC] PHP Warning:  Undefined array key "WORDPRESS_DB_PASSWORD" in C:\Users\MegaX\Local Sites\medit\app\public\wp-config.php on line 33
[12-Jan-2024 18:57:58 UTC] PHP Warning:  Undefined array key "WORDPRESS_DB_PASSWORD" in C:\Users\MegaX\Local Sites\medit\app\public\wp-config.php on line 33
[12-Jan-2024 18:57:58 UTC] PHP Warning:  Undefined array key "WORDPRESS_DB_PASSWORD" in C:\Users\MegaX\Local Sites\medit\app\public\wp-config.php on line 33
[12-Jan-2024 18:59:42 UTC] PHP Warning:  Undefined array key "WORDPRESS_DB_PASSWORD" in C:\Users\MegaX\Local Sites\medit\app\public\wp-config.php on line 33
[12-Jan-2024 18:59:42 UTC] PHP Warning:  Undefined array key "WORDPRESS_DB_PASSWORD" in C:\Users\MegaX\Local Sites\medit\app\public\wp-config.php on line 33
[12-Jan-2024 19:00:18 UTC] PHP Warning:  Undefined array key "WORDPRESS_DB_PASSWORD" in C:\Users\MegaX\Local Sites\medit\app\public\wp-config.php on line 33
[12-Jan-2024 19:00:18 UTC] PHP Warning:  Undefined array key "WORDPRESS_DB_PASSWORD" in C:\Users\MegaX\Local Sites\medit\app\public\wp-config.php on line 33
[12-Jan-2024 19:00:18 UTC] PHP Warning:  Undefined array key "WORDPRESS_DB_PASSWORD" in C:\Users\MegaX\Local Sites\medit\app\public\wp-config.php on line 33
[12-Jan-2024 19:00:18 UTC] PHP Warning:  Undefined array key "WORDPRESS_DB_PASSWORD" in C:\Users\MegaX\Local Sites\medit\app\public\wp-config.php on line 33
[12-Jan-2024 19:00:23 UTC] PHP Warning:  Undefined array key "WORDPRESS_DB_PASSWORD" in C:\Users\MegaX\Local Sites\medit\app\public\wp-config.php on line 33
[12-Jan-2024 19:00:23 UTC] PHP Warning:  Undefined array key "WORDPRESS_DB_PASSWORD" in C:\Users\MegaX\Local Sites\medit\app\public\wp-config.php on line 33
[12-Jan-2024 19:00:24 UTC] PHP Warning:  Undefined array key "WORDPRESS_DB_PASSWORD" in C:\Users\MegaX\Local Sites\medit\app\public\wp-config.php on line 33
[12-Jan-2024 19:00:24 UTC] PHP Warning:  Undefined array key "WORDPRESS_DB_PASSWORD" in C:\Users\MegaX\Local Sites\medit\app\public\wp-config.php on line 33
[12-Jan-2024 19:00:24 UTC] PHP Warning:  Undefined array key "WORDPRESS_DB_PASSWORD" in C:\Users\MegaX\Local Sites\medit\app\public\wp-config.php on line 33
[12-Jan-2024 19:00:24 UTC] PHP Warning:  Undefined array key "WORDPRESS_DB_PASSWORD" in C:\Users\MegaX\Local Sites\medit\app\public\wp-config.php on line 33
[12-Jan-2024 19:00:24 UTC] PHP Warning:  Undefined array key "WORDPRESS_DB_PASSWORD" in C:\Users\MegaX\Local Sites\medit\app\public\wp-config.php on line 33
[12-Jan-2024 19:00:24 UTC] PHP Warning:  Undefined array key "WORDPRESS_DB_PASSWORD" in C:\Users\MegaX\Local Sites\medit\app\public\wp-config.php on line 33
[12-Jan-2024 19:08:14 UTC] PHP Warning:  Undefined array key "WORDPRESS_DB_PASSWORD" in C:\Users\MegaX\Local Sites\medit\app\public\wp-config.php on line 33
[12-Jan-2024 19:08:14 UTC] PHP Warning:  Undefined array key "WORDPRESS_DB_PASSWORD" in C:\Users\MegaX\Local Sites\medit\app\public\wp-config.php on line 33
[12-Jan-2024 19:08:14 UTC] PHP Warning:  Undefined array key "WORDPRESS_DB_PASSWORD" in C:\Users\MegaX\Local Sites\medit\app\public\wp-config.php on line 33
[12-Jan-2024 19:08:14 UTC] PHP Warning:  Undefined array key "WORDPRESS_DB_PASSWORD" in C:\Users\MegaX\Local Sites\medit\app\public\wp-config.php on line 33
[12-Jan-2024 19:08:14 UTC] PHP Warning:  Undefined array key "WORDPRESS_DB_PASSWORD" in C:\Users\MegaX\Local Sites\medit\app\public\wp-config.php on line 33
[12-Jan-2024 19:08:14 UTC] PHP Warning:  Undefined array key "WORDPRESS_DB_PASSWORD" in C:\Users\MegaX\Local Sites\medit\app\public\wp-config.php on line 33
[12-Jan-2024 19:08:32 UTC] PHP Warning:  Undefined array key "WORDPRESS_DB_PASSWORD" in C:\Users\MegaX\Local Sites\medit\app\public\wp-config.php on line 33
[12-Jan-2024 19:08:32 UTC] PHP Warning:  Undefined array key "WORDPRESS_DB_PASSWORD" in C:\Users\MegaX\Local Sites\medit\app\public\wp-config.php on line 33
[12-Jan-2024 19:08:45 UTC] PHP Warning:  Undefined array key "WORDPRESS_DB_PASSWORD" in C:\Users\MegaX\Local Sites\medit\app\public\wp-config.php on line 33
[12-Jan-2024 19:08:45 UTC] PHP Warning:  Undefined array key "WORDPRESS_DB_PASSWORD" in C:\Users\MegaX\Local Sites\medit\app\public\wp-config.php on line 33
[12-Jan-2024 19:08:46 UTC] PHP Warning:  Undefined array key "WORDPRESS_DB_PASSWORD" in C:\Users\MegaX\Local Sites\medit\app\public\wp-config.php on line 33
[12-Jan-2024 19:08:46 UTC] PHP Warning:  Undefined array key "WORDPRESS_DB_PASSWORD" in C:\Users\MegaX\Local Sites\medit\app\public\wp-config.php on line 33
[12-Jan-2024 19:08:46 UTC] PHP Warning:  Undefined array key "WORDPRESS_DB_PASSWORD" in C:\Users\MegaX\Local Sites\medit\app\public\wp-config.php on line 33
[12-Jan-2024 19:08:46 UTC] PHP Warning:  Undefined array key "WORDPRESS_DB_PASSWORD" in C:\Users\MegaX\Local Sites\medit\app\public\wp-config.php on line 33
[12-Jan-2024 19:12:56 UTC] PHP Warning:  Undefined array key "WORDPRESS_DB_PASSWORD" in C:\Users\MegaX\Local Sites\medit\app\public\wp-config.php on line 33
[12-Jan-2024 19:12:56 UTC] PHP Warning:  Undefined array key "WORDPRESS_DB_PASSWORD" in C:\Users\MegaX\Local Sites\medit\app\public\wp-config.php on line 33
[12-Jan-2024 19:15:31 UTC] PHP Warning:  Undefined array key "WORDPRESS_DB_NAME" in C:\Users\MegaX\Local Sites\medit\app\public\wp-config.php on line 19
[12-Jan-2024 19:15:31 UTC] PHP Warning:  Undefined array key "WORDPRESS_DB_USER" in C:\Users\MegaX\Local Sites\medit\app\public\wp-config.php on line 20
[12-Jan-2024 19:15:31 UTC] PHP Warning:  Undefined array key "WORDPRESS_DB_PASSWORD" in C:\Users\MegaX\Local Sites\medit\app\public\wp-config.php on line 21
[12-Jan-2024 19:15:31 UTC] PHP Warning:  Undefined array key "WORDPRESS_DB_HOST" in C:\Users\MegaX\Local Sites\medit\app\public\wp-config.php on line 22
[12-Jan-2024 19:15:31 UTC] PHP Warning:  Undefined array key "WORDPRESS_DB_PASSWORD" in C:\Users\MegaX\Local Sites\medit\app\public\wp-config.php on line 34
[12-Jan-2024 19:15:31 UTC] PHP Warning:  Undefined array key "WORDPRESS_DB_PASSWORD" in C:\Users\MegaX\Local Sites\medit\app\public\wp-config.php on line 34
[12-Jan-2024 19:15:31 UTC] PHP Warning:  Undefined array key "WORDPRESS_DB_NAME" in C:\Users\MegaX\Local Sites\medit\app\public\wp-config.php on line 19
[12-Jan-2024 19:15:31 UTC] PHP Warning:  Undefined array key "WORDPRESS_DB_USER" in C:\Users\MegaX\Local Sites\medit\app\public\wp-config.php on line 20
[12-Jan-2024 19:15:31 UTC] PHP Warning:  Undefined array key "WORDPRESS_DB_PASSWORD" in C:\Users\MegaX\Local Sites\medit\app\public\wp-config.php on line 21
[12-Jan-2024 19:15:31 UTC] PHP Warning:  Undefined array key "WORDPRESS_DB_HOST" in C:\Users\MegaX\Local Sites\medit\app\public\wp-config.php on line 22
[12-Jan-2024 19:15:31 UTC] PHP Warning:  Undefined array key "WORDPRESS_DB_PASSWORD" in C:\Users\MegaX\Local Sites\medit\app\public\wp-config.php on line 34
[12-Jan-2024 19:15:31 UTC] PHP Warning:  Undefined array key "WORDPRESS_DB_PASSWORD" in C:\Users\MegaX\Local Sites\medit\app\public\wp-config.php on line 34
[12-Jan-2024 19:15:56 UTC] PHP Fatal error:  Uncaught Error: Undefined constant "root" in C:\Users\MegaX\Local Sites\medit\app\public\wp-config.php:33
Stack trace:
#0 C:\Users\MegaX\Local Sites\medit\app\public\wp-load.php(50): require_once()
#1 C:\Users\MegaX\Local Sites\medit\app\public\wp-admin\upgrade.php(18): require('C:\\Users\\MegaX\\...')
#2 {main}
  thrown in C:\Users\MegaX\Local Sites\medit\app\public\wp-config.php on line 33
[12-Jan-2024 19:15:56 UTC] PHP Fatal error:  Uncaught Error: Undefined constant "root" in C:\Users\MegaX\Local Sites\medit\app\public\wp-config.php:33
Stack trace:
#0 C:\Users\MegaX\Local Sites\medit\app\public\wp-load.php(50): require_once()
#1 C:\Users\MegaX\Local Sites\medit\app\public\wp-blog-header.php(13): require_once('C:\\Users\\MegaX\\...')
#2 C:\Users\MegaX\Local Sites\medit\app\public\index.php(17): require('C:\\Users\\MegaX\\...')
#3 {main}
  thrown in C:\Users\MegaX\Local Sites\medit\app\public\wp-config.php on line 33
